make --dry-run --keep-going --print-directory
make: Entering directory `/Users/ast-jean/Cursus/minishell'
/Applications/Xcode.app/Contents/Developer/usr/bin/make -C include/libft
 
make[1]: Entering directory `/Users/ast-jean/Cursus/minishell/include/libft'
echo "libft.a already exist. try:'make re'"
 
make[1]: Leaving directory `/Users/ast-jean/Cursus/minishell/include/libft'
mkdir -p objs/
mkdir -p objs//parsing
mkdir -p objs//execution
mkdir -p objs//built_ins
echo "\033[2ACompiling srcs/execution/minishell.c ..           "
gcc -g -Wall -Wextra -Werror  -c srcs/execution/minishell.c -o objs/execution/minishell.o
/Applications/Xcode.app/Contents/Developer/usr/bin/make -C include/libft
 
make[1]: Entering directory `/Users/ast-jean/Cursus/minishell/include/libft'
echo "libft.a already exist. try:'make re'"
make[1]: Leaving directory `/Users/ast-jean/Cursus/minishell/include/libft'
mkdir -p objs/
mkdir -p objs//parsing
mkdir -p objs//execution
mkdir -p objs//built_ins
echo "\033[2ACompiling srcs/execution/execution.c ..           "
gcc -g -Wall -Wextra -Werror  -c srcs/execution/execution.c -o objs/execution/execution.o
/Applications/Xcode.app/Contents/Developer/usr/bin/make -C include/libft
 
make[1]: Entering directory `/Users/ast-jean/Cursus/minishell/include/libft'
echo "libft.a already exist. try:'make re'"
make[1]: Leaving directory `/Users/ast-jean/Cursus/minishell/include/libft'
mkdir -p objs/
mkdir -p objs//parsing
mkdir -p objs//execution
mkdir -p objs//built_ins
echo "\033[2ACompiling srcs/parsing/parsing.c ..           "
gcc -g -Wall -Wextra -Werror  -c srcs/parsing/parsing.c -o objs/parsing/parsing.o
/Applications/Xcode.app/Contents/Developer/usr/bin/make -C include/libft
make[1]: Entering directory `/Users/ast-jean/Cursus/minishell/include/libft'
echo "libft.a already exist. try:'make re'"
make[1]: Leaving directory `/Users/ast-jean/Cursus/minishell/include/libft'
mkdir -p objs/
mkdir -p objs//parsing
mkdir -p objs//execution
mkdir -p objs//built_ins
echo "\033[2ACompiling srcs/parsing/new_split.c ..           "
gcc -g -Wall -Wextra -Werror  -c srcs/parsing/new_split.c -o objs/parsing/new_split.o
/Applications/Xcode.app/Contents/Developer/usr/bin/make -C include/libft
 
make[1]: Entering directory `/Users/ast-jean/Cursus/minishell/include/libft'
echo "libft.a already exist. try:'make re'"
make[1]: Leaving directory `/Users/ast-jean/Cursus/minishell/include/libft'
mkdir -p objs/
mkdir -p objs//parsing
mkdir -p objs//execution
mkdir -p objs//built_ins
echo "\033[2ACompiling srcs/parsing/new_split_utils.c ..           "
gcc -g -Wall -Wextra -Werror  -c srcs/parsing/new_split_utils.c -o objs/parsing/new_split_utils.o
/Applications/Xcode.app/Contents/Developer/usr/bin/make -C include/libft
 
make[1]: Entering directory `/Users/ast-jean/Cursus/minishell/include/libft'
echo "libft.a already exist. try:'make re'"
make[1]: Leaving directory `/Users/ast-jean/Cursus/minishell/include/libft'
mkdir -p objs/
mkdir -p objs//parsing
mkdir -p objs//execution
mkdir -p objs//built_ins
echo "\033[2ACompiling srcs/parsing/new_split_utils2.c ..           "
gcc -g -Wall -Wextra -Werror  -c srcs/parsing/new_split_utils2.c -o objs/parsing/new_split_utils2.o
/Applications/Xcode.app/Contents/Developer/usr/bin/make -C include/libft
 
make[1]: Entering directory `/Users/ast-jean/Cursus/minishell/include/libft'
echo "libft.a already exist. try:'make re'"
make[1]: Leaving directory `/Users/ast-jean/Cursus/minishell/include/libft'
mkdir -p objs/
mkdir -p objs//parsing
mkdir -p objs//execution
mkdir -p objs//built_ins
echo "\033[2ACompiling srcs/parsing/init_token.c ..           "
gcc -g -Wall -Wextra -Werror  -c srcs/parsing/init_token.c -o objs/parsing/init_token.o
/Applications/Xcode.app/Contents/Developer/usr/bin/make -C include/libft
 
make[1]: Entering directory `/Users/ast-jean/Cursus/minishell/include/libft'
echo "libft.a already exist. try:'make re'"
make[1]: Leaving directory `/Users/ast-jean/Cursus/minishell/include/libft'
mkdir -p objs/
mkdir -p objs//parsing
mkdir -p objs//execution
mkdir -p objs//built_ins
echo "\033[2ACompiling srcs/parsing/token_op.c ..           "
gcc -g -Wall -Wextra -Werror  -c srcs/parsing/token_op.c -o objs/parsing/token_op.o
echo "\033[1A\033[7mMINISHELL\033[0m                                     "
echo "\033[32mCompiling DONE! ✅                                 \033[0m"
gcc -g -Wall -Wextra -Werror  objs/execution/minishell.o objs/execution/execution.o objs/parsing/parsing.o objs/parsing/new_split.o objs/parsing/new_split_utils.o objs/parsing/new_split_utils2.o objs/parsing/init_token.o objs/parsing/token_op.o -lreadline -L -I include/libft/libft.a -o minishell
echo "\033[34mExecutable minishell created                 \033[0m"
echo "----------------------------"
make: Leaving directory `/Users/ast-jean/Cursus/minishell'
 
